Flow report for NIOS_DE2-115
Tue Jul 09 21:56:15 2019
Quartus Prime Version 18.1.0 Build 625 09/12/2018 SJ Lite Edition


---------------------
; Table of Contents ;
---------------------
  1. Legal Notice
  2. Flow Summary
  3. Flow Settings
  4. Flow Non-Default Global Settings
  5. Flow Elapsed Time
  6. Flow OS Summary
  7. Flow Log
  8. Flow Messages
  9. Flow Suppressed Messages



----------------
; Legal Notice ;
----------------
Copyright (C) 2018  Intel Corporation. All rights reserved.
Your use of Intel Corporation's design tools, logic functions 
and other software and tools, and its AMPP partner logic 
functions, and any output files from any of the foregoing 
(including device programming or simulation files), and any 
associated documentation or information are expressly subject 
to the terms and conditions of the Intel Program License 
Subscription Agreement, the Intel Quartus Prime License Agreement,
the Intel FPGA IP License Agreement, or other applicable license
agreement, including, without limitation, that your use is for
the sole purpose of programming logic devices manufactured by
Intel and sold by Intel or its authorized distributors.  Please
refer to the applicable agreement for further details.



+----------------------------------------------------------------------------------+
; Flow Summary                                                                     ;
+------------------------------------+---------------------------------------------+
; Flow Status                        ; Successful - Tue Jul 09 21:56:02 2019       ;
; Quartus Prime Version              ; 18.1.0 Build 625 09/12/2018 SJ Lite Edition ;
; Revision Name                      ; NIOS_DE2-115                                ;
; Top-level Entity Name              ; NIOS_DE2_115                                ;
; Family                             ; Cyclone IV E                                ;
; Device                             ; EP4CE115F29C7                               ;
; Timing Models                      ; Final                                       ;
; Total logic elements               ; 3,661 / 114,480 ( 3 % )                     ;
;     Total combinational functions  ; 3,260 / 114,480 ( 3 % )                     ;
;     Dedicated logic registers      ; 2,181 / 114,480 ( 2 % )                     ;
; Total registers                    ; 2181                                        ;
; Total pins                         ; 518 / 529 ( 98 % )                          ;
; Total virtual pins                 ; 0                                           ;
; Total memory bits                  ; 587,840 / 3,981,312 ( 15 % )                ;
; Embedded Multiplier 9-bit elements ; 6 / 532 ( 1 % )                             ;
; Total PLLs                         ; 0 / 4 ( 0 % )                               ;
+------------------------------------+---------------------------------------------+


+-----------------------------------------+
; Flow Settings                           ;
+-------------------+---------------------+
; Option            ; Setting             ;
+-------------------+---------------------+
; Start date & time ; 07/09/2019 21:53:07 ;
; Main task         ; Compilation         ;
; Revision Name     ; NIOS_DE2-115        ;
+-------------------+---------------------+


+-----------------------------------------------------------------------------------------------------------------------------------------------+
; Flow Non-Default Global Settings                                                                                                              ;
+-------------------------------------+-------------------------------------------------------------+---------------+--------------+------------+
; Assignment Name                     ; Value                                                       ; Default Value ; Entity Name  ; Section Id ;
+-------------------------------------+-------------------------------------------------------------+---------------+--------------+------------+
; COMPILER_SIGNATURE_ID               ; 220295154393110.156268038600980                             ; --            ; --           ; --         ;
; MAX_CORE_JUNCTION_TEMP              ; 85                                                          ; --            ; --           ; --         ;
; MIN_CORE_JUNCTION_TEMP              ; 0                                                           ; --            ; --           ; --         ;
; MISC_FILE                           ; NIOS_core/synthesis/../NIOS_core.cmp                        ; --            ; --           ; --         ;
; MISC_FILE                           ; NIOS_core/synthesis/../../NIOS_core.qsys                    ; --            ; --           ; --         ;
; NOMINAL_CORE_SUPPLY_VOLTAGE         ; 1.2V                                                        ; --            ; --           ; --         ;
; OUTPUT_IO_TIMING_FAR_END_VMEAS      ; Half Signal Swing                                           ; --            ; --           ; --         ;
; OUTPUT_IO_TIMING_FAR_END_VMEAS      ; Half Signal Swing                                           ; --            ; --           ; --         ;
; OUTPUT_IO_TIMING_NEAR_END_VMEAS     ; Half Vccio                                                  ; --            ; --           ; --         ;
; OUTPUT_IO_TIMING_NEAR_END_VMEAS     ; Half Vccio                                                  ; --            ; --           ; --         ;
; PARTITION_COLOR                     ; -- (Not supported for targeted family)                      ; --            ; NIOS_DE2_115 ; Top        ;
; PARTITION_FITTER_PRESERVATION_LEVEL ; -- (Not supported for targeted family)                      ; --            ; NIOS_DE2_115 ; Top        ;
; PARTITION_NETLIST_TYPE              ; -- (Not supported for targeted family)                      ; --            ; NIOS_DE2_115 ; Top        ;
; POWER_BOARD_THERMAL_MODEL           ; None (CONSERVATIVE)                                         ; --            ; --           ; --         ;
; POWER_PRESET_COOLING_SOLUTION       ; 23 MM HEAT SINK WITH 200 LFPM AIRFLOW                       ; --            ; --           ; --         ;
; PROJECT_OUTPUT_DIRECTORY            ; output_files                                                ; --            ; --           ; --         ;
; SLD_FILE                            ; NIOS_core/synthesis/NIOS_core.regmap                        ; --            ; --           ; --         ;
; SLD_FILE                            ; NIOS_core/synthesis/NIOS_core.debuginfo                     ; --            ; --           ; --         ;
; SLD_INFO                            ; QSYS_NAME NIOS_core HAS_SOPCINFO 1 GENERATION_ID 1553180875 ; --            ; NIOS_core    ; --         ;
; SOPCINFO_FILE                       ; NIOS_core/synthesis/../../NIOS_core.sopcinfo                ; --            ; --           ; --         ;
; SYNTHESIS_ONLY_QIP                  ; On                                                          ; --            ; --           ; --         ;
; TOP_LEVEL_ENTITY                    ; NIOS_DE2_115                                                ; NIOS_DE2-115  ; --           ; --         ;
+-------------------------------------+-------------------------------------------------------------+---------------+--------------+------------+


+--------------------------------------------------------------------------------------------------------------------------+
; Flow Elapsed Time                                                                                                        ;
+----------------------+--------------+-------------------------+---------------------+------------------------------------+
; Module Name          ; Elapsed Time ; Average Processors Used ; Peak Virtual Memory ; Total CPU Time (on all processors) ;
+----------------------+--------------+-------------------------+---------------------+------------------------------------+
; Analysis & Synthesis ; 00:01:40     ; 1.0                     ; 4981 MB             ; 00:01:52                           ;
; Fitter               ; 00:00:55     ; 1.0                     ; 5588 MB             ; 00:00:57                           ;
; Assembler            ; 00:00:08     ; 1.0                     ; 4728 MB             ; 00:00:07                           ;
; Timing Analyzer      ; 00:00:11     ; 1.2                     ; 4904 MB             ; 00:00:08                           ;
; Total                ; 00:02:54     ; --                      ; --                  ; 00:03:04                           ;
+----------------------+--------------+-------------------------+---------------------+------------------------------------+


+------------------------------------------------------------------------------------+
; Flow OS Summary                                                                    ;
+----------------------+------------------+------------+------------+----------------+
; Module Name          ; Machine Hostname ; OS Name    ; OS Version ; Processor type ;
+----------------------+------------------+------------+------------+----------------+
; Analysis & Synthesis ; DESKTOP-FOLL1N5  ; Windows 10 ; 10.0       ; x86_64         ;
; Fitter               ; DESKTOP-FOLL1N5  ; Windows 10 ; 10.0       ; x86_64         ;
; Assembler            ; DESKTOP-FOLL1N5  ; Windows 10 ; 10.0       ; x86_64         ;
; Timing Analyzer      ; DESKTOP-FOLL1N5  ; Windows 10 ; 10.0       ; x86_64         ;
+----------------------+------------------+------------+------------+----------------+


------------
; Flow Log ;
------------
quartus_map --read_settings_files=on --write_settings_files=off NIOS_DE2-115 -c NIOS_DE2-115
quartus_fit --read_settings_files=off --write_settings_files=off NIOS_DE2-115 -c NIOS_DE2-115
quartus_asm --read_settings_files=off --write_settings_files=off NIOS_DE2-115 -c NIOS_DE2-115
quartus_sta NIOS_DE2-115 -c NIOS_DE2-115



